<?xml version="1.0" encoding="UTF-8" standalone="no" ?>

<testsuites name="Basic Functions.lvproj">
	<testsuite assertions="0" disabled="0" errors="0" failures="0" name="Basic Functions.lvproj\My Computer\Add.lvtest" skipped="0" skips="0" tests="3" time="1.381962" timestamp="0.000000">
		<testcase assertions="0" name="Test Case 1" time="30.000000" timestamp="0.000000"/>
		<testcase assertions="0" name="Test Case 2" time="80.000000" timestamp="0.000000"/>
		<testcase assertions="0" name="Test Case 3" time="100.000000" timestamp="0.000000"/>
	</testsuite>
	<testsuite assertions="0" disabled="0" errors="0" failures="1" name="Basic Functions.lvproj\My Computer\Subtract.lvtest" skipped="0" skips="0" tests="2" time="0.903798" timestamp="0.000000">
		<testcase assertions="0" name="Test Case 1" time="47.000000" timestamp="0.000000"/>
		<testcase assertions="0" name="Test Case 2" time="9.000000" timestamp="0.000000">
			<failure></failure>
		</testcase>
	</testsuite>
	<testsuite assertions="0" disabled="0" errors="0" failures="0" name="Basic Functions.lvproj\My Computer\Divide.lvtest" skipped="0" skips="0" tests="3" time="1.646758" timestamp="0.000000">
		<testcase assertions="0" name="Test Case 1" time="7.000000" timestamp="0.000000"/>
		<testcase assertions="0" name="Test Case 2" time="97.000000" timestamp="0.000000"/>
		<testcase assertions="0" name="Test Case 3" time="169.000000" timestamp="0.000000"/>
	</testsuite>
	<testsuite assertions="0" disabled="0" errors="0" failures="0" name="Basic Functions.lvproj\My Computer\Divide by Zero.lvtest" skipped="0" skips="0" tests="1" time="0.485003" timestamp="0.000000">
		<testcase assertions="0" name="Test Case 1" time="19.000000" timestamp="0.000000"/>
	</testsuite>
	<testsuite assertions="0" disabled="0" errors="0" failures="1" name="Basic Functions.lvproj\My Computer\Waveforms.lvlib\Waveforms.lvtest" skipped="0" skips="0" tests="1" time="1.514699" timestamp="0.000000">
		<testcase assertions="0" name="Test Case 1" time="81.000000" timestamp="0.000000">
			<failure></failure>
		</testcase>
	</testsuite>
	<testsuite assertions="0" disabled="0" errors="0" failures="1" name="Basic Functions.lvproj\My Computer\Waveforms.lvlib\Array of Waveforms.lvtest" skipped="0" skips="0" tests="1" time="1.204225" timestamp="0.000000">
		<testcase assertions="0" name="Test Case 1" time="98.000000" timestamp="0.000000">
			<failure></failure>
		</testcase>
	</testsuite>
	<testsuite assertions="0" disabled="0" errors="0" failures="0" name="Basic Functions.lvproj\My Computer\Multiply.lvtest" skipped="2" skips="0" tests="0" time="0.000000" timestamp="0.000000">
		<testcase assertions="0" name="1" time="0.000000" timestamp="0.000000">
			<skipped></skipped>
		</testcase>
		<testcase assertions="0" name="2" time="0.000000" timestamp="0.000000">
			<skipped></skipped>
		</testcase>
	</testsuite>
</testsuites>